[0m2021.07.30 10:49:32 INFO  Started: Metals version 0.10.5 in workspace 'C:\Users\javier.fernandezrodr\Desktop\scala\reinforcement\src' for client Visual Studio Code 1.52.1.[0m
[0m2021.07.30 10:49:33 INFO  time: initialize in 0.42s[0m
[0m2021.07.30 10:49:33 WARN  Build server is not auto-connectable.[0m
[0m2021.07.30 10:49:33 WARN  no build tool detected in workspace 'C:\Users\javier.fernandezrodr\Desktop\scala\reinforcement\src'. The most common cause for this problem is that the editor was opened in the wrong working directory, for example if you use sbt then the workspace directory should contain build.sbt. [0m
[0m2021.07.30 10:49:33 WARN  no build target for: C:\Users\javier.fernandezrodr\Desktop\scala\reinforcement\src\QLearning.scala[0m
[0m2021.07.30 10:49:38 INFO  no build target: using presentation compiler with only scala-library: 2.12.14[0m
[0m2021.07.30 10:49:40 INFO  time: code lens generation in 6.8s[0m
[0m2021.07.30 10:50:14 WARN  no build target for: C:\Users\javier.fernandezrodr\Desktop\scala\reinforcement\src\example.scala[0m
jul 30, 2021 10:50:14 AM scala.meta.internal.pc.CompilerAccess handleError
GRAVE: file%3A%2F%2F%2FC%3A%2FUsers%2Fjavier.fernandezrodr%2FDesktop%2Fscala%2Freinforcement%2Fsrc%2Fexample.scala:8: error: expected class or object definition val
val action1 = new QLAction(1,2)
^
file%3A%2F%2F%2FC%3A%2FUsers%2Fjavier.fernandezrodr%2FDesktop%2Fscala%2Freinforcement%2Fsrc%2Fexample.scala:8: error: expected class or object definition val
val action1 = new QLAction(1,2)
^
	at scala.meta.internal.parsers.Reporter.syntaxError(Reporter.scala:16)
	at scala.meta.internal.parsers.Reporter.syntaxError$(Reporter.scala:16)
	at scala.meta.internal.parsers.Reporter$$anon$1.syntaxError(Reporter.scala:22)
	at scala.meta.internal.parsers.Reporter.syntaxError(Reporter.scala:17)
	at scala.meta.internal.parsers.Reporter.syntaxError$(Reporter.scala:17)
	at scala.meta.internal.parsers.Reporter$$anon$1.syntaxError(Reporter.scala:22)
	at scala.meta.internal.parsers.ScalametaParser.statSeq(ScalametaParser.scala:5009)
	at scala.meta.internal.parsers.ScalametaParser.topStatSeq(ScalametaParser.scala:5016)
	at scala.meta.internal.parsers.ScalametaParser.$anonfun$batchSource$1(ScalametaParser.scala:5247)
	at scala.meta.internal.parsers.ScalametaParser.atPos(ScalametaParser.scala:853)
	at scala.meta.internal.parsers.ScalametaParser.autoPos(ScalametaParser.scala:887)
	at scala.meta.internal.parsers.ScalametaParser.batchSource(ScalametaParser.scala:5206)
	at scala.meta.internal.parsers.ScalametaParser.$anonfun$source$1(ScalametaParser.scala:5189)
	at scala.meta.internal.parsers.ScalametaParser.atPos(ScalametaParser.scala:853)
	at scala.meta.internal.parsers.ScalametaParser.autoPos(ScalametaParser.scala:887)
	at scala.meta.internal.parsers.ScalametaParser.source(ScalametaParser.scala:5188)
	at scala.meta.internal.parsers.ScalametaParser.entrypointSource(ScalametaParser.scala:5194)
	at scala.meta.internal.parsers.ScalametaParser.$anonfun$parseSource$2(ScalametaParser.scala:143)
	at scala.meta.internal.parsers.ScalametaParser.parseRule(ScalametaParser.scala:53)
	at scala.meta.internal.parsers.ScalametaParser.parseSource(ScalametaParser.scala:143)
	at scala.meta.parsers.Parse$.$anonfun$parseSource$1(Parse.scala:29)
	at scala.meta.internal.parsers.ScalametaParser$$anon$263.apply(ScalametaParser.scala:5258)
	at scala.meta.parsers.Api$XtensionParseDialectInput.parse(Api.scala:25)
	at scala.meta.internal.semanticdb.scalac.ParseOps$XtensionCompilationUnitSource.toSource(ParseOps.scala:17)
	at scala.meta.internal.semanticdb.scalac.TextDocumentOps$XtensionCompilationUnitDocument.toTextDocument(TextDocumentOps.scala:201)
	at scala.meta.internal.pc.SemanticdbTextDocumentProvider.textDocument(SemanticdbTextDocumentProvider.scala:51)

jul 30, 2021 10:50:14 AM scala.meta.internal.pc.CompilerAccess handleError
GRAVE: file%3A%2F%2F%2FC%3A%2FUsers%2Fjavier.fernandezrodr%2FDesktop%2Fscala%2Freinforcement%2Fsrc%2Fexample.scala:8: error: expected class or object definition val
val action1 = new QLAction(1,2)
^
file%3A%2F%2F%2FC%3A%2FUsers%2Fjavier.fernandezrodr%2FDesktop%2Fscala%2Freinforcement%2Fsrc%2Fexample.scala:8: error: expected class or object definition val
val action1 = new QLAction(1,2)
^
	at scala.meta.internal.parsers.Reporter.syntaxError(Reporter.scala:16)
	at scala.meta.internal.parsers.Reporter.syntaxError$(Reporter.scala:16)
	at scala.meta.internal.parsers.Reporter$$anon$1.syntaxError(Reporter.scala:22)
	at scala.meta.internal.parsers.Reporter.syntaxError(Reporter.scala:17)
	at scala.meta.internal.parsers.Reporter.syntaxError$(Reporter.scala:17)
	at scala.meta.internal.parsers.Reporter$$anon$1.syntaxError(Reporter.scala:22)
	at scala.meta.internal.parsers.ScalametaParser.statSeq(ScalametaParser.scala:5009)
	at scala.meta.internal.parsers.ScalametaParser.topStatSeq(ScalametaParser.scala:5016)
	at scala.meta.internal.parsers.ScalametaParser.$anonfun$batchSource$1(ScalametaParser.scala:5247)
	at scala.meta.internal.parsers.ScalametaParser.atPos(ScalametaParser.scala:853)
	at scala.meta.internal.parsers.ScalametaParser.autoPos(ScalametaParser.scala:887)
	at scala.meta.internal.parsers.ScalametaParser.batchSource(ScalametaParser.scala:5206)
	at scala.meta.internal.parsers.ScalametaParser.$anonfun$source$1(ScalametaParser.scala:5189)
	at scala.meta.internal.parsers.ScalametaParser.atPos(ScalametaParser.scala:853)
	at scala.meta.internal.parsers.ScalametaParser.autoPos(ScalametaParser.scala:887)
	at scala.meta.internal.parsers.ScalametaParser.source(ScalametaParser.scala:5188)
	at scala.meta.internal.parsers.ScalametaParser.entrypointSource(ScalametaParser.scala:5194)
	at scala.meta.internal.parsers.ScalametaParser.$anonfun$parseSource$2(ScalametaParser.scala:143)
	at scala.meta.internal.parsers.ScalametaParser.parseRule(ScalametaParser.scala:53)
	at scala.meta.internal.parsers.ScalametaParser.parseSource(ScalametaParser.scala:143)
	at scala.meta.parsers.Parse$.$anonfun$parseSource$1(Parse.scala:29)
	at scala.meta.internal.parsers.ScalametaParser$$anon$263.apply(ScalametaParser.scala:5258)
	at scala.meta.parsers.Api$XtensionParseDialectInput.parse(Api.scala:25)
	at scala.meta.internal.semanticdb.scalac.ParseOps$XtensionCompilationUnitSource.toSource(ParseOps.scala:17)
	at scala.meta.internal.semanticdb.scalac.TextDocumentOps$XtensionCompilationUnitDocument.toTextDocument(TextDocumentOps.scala:201)
	at scala.meta.internal.pc.SemanticdbTextDocumentProvider.textDocument(SemanticdbTextDocumentProvider.scala:51)

jul 30, 2021 10:50:14 AM scala.meta.internal.pc.CompilerAccess handleError
GRAVE: file%3A%2F%2F%2FC%3A%2FUsers%2Fjavier.fernandezrodr%2FDesktop%2Fscala%2Freinforcement%2Fsrc%2Fexample.scala:8: error: expected class or object definition val
val action1 = new QLAction(1,2)
^
file%3A%2F%2F%2FC%3A%2FUsers%2Fjavier.fernandezrodr%2FDesktop%2Fscala%2Freinforcement%2Fsrc%2Fexample.scala:8: error: expected class or object definition val
val action1 = new QLAction(1,2)
^
	at scala.meta.internal.parsers.Reporter.syntaxError(Reporter.scala:16)
	at scala.meta.internal.parsers.Reporter.syntaxError$(Reporter.scala:16)
	at scala.meta.internal.parsers.Reporter$$anon$1.syntaxError(Reporter.scala:22)
	at scala.meta.internal.parsers.Reporter.syntaxError(Reporter.scala:17)
	at scala.meta.internal.parsers.Reporter.syntaxError$(Reporter.scala:17)
	at scala.meta.internal.parsers.Reporter$$anon$1.syntaxError(Reporter.scala:22)
	at scala.meta.internal.parsers.ScalametaParser.statSeq(ScalametaParser.scala:5009)
	at scala.meta.internal.parsers.ScalametaParser.topStatSeq(ScalametaParser.scala:5016)
	at scala.meta.internal.parsers.ScalametaParser.$anonfun$batchSource$1(ScalametaParser.scala:5247)
	at scala.meta.internal.parsers.ScalametaParser.atPos(ScalametaParser.scala:853)
	at scala.meta.internal.parsers.ScalametaParser.autoPos(ScalametaParser.scala:887)
	at scala.meta.internal.parsers.ScalametaParser.batchSource(ScalametaParser.scala:5206)
	at scala.meta.internal.parsers.ScalametaParser.$anonfun$source$1(ScalametaParser.scala:5189)
	at scala.meta.internal.parsers.ScalametaParser.atPos(ScalametaParser.scala:853)
	at scala.meta.internal.parsers.ScalametaParser.autoPos(ScalametaParser.scala:887)
	at scala.meta.internal.parsers.ScalametaParser.source(ScalametaParser.scala:5188)
	at scala.meta.internal.parsers.ScalametaParser.entrypointSource(ScalametaParser.scala:5194)
	at scala.meta.internal.parsers.ScalametaParser.$anonfun$parseSource$2(ScalametaParser.scala:143)
	at scala.meta.internal.parsers.ScalametaParser.parseRule(ScalametaParser.scala:53)
	at scala.meta.internal.parsers.ScalametaParser.parseSource(ScalametaParser.scala:143)
	at scala.meta.parsers.Parse$.$anonfun$parseSource$1(Parse.scala:29)
	at scala.meta.internal.parsers.ScalametaParser$$anon$263.apply(ScalametaParser.scala:5258)
	at scala.meta.parsers.Api$XtensionParseDialectInput.parse(Api.scala:25)
	at scala.meta.internal.semanticdb.scalac.ParseOps$XtensionCompilationUnitSource.toSource(ParseOps.scala:17)
	at scala.meta.internal.semanticdb.scalac.TextDocumentOps$XtensionCompilationUnitDocument.toTextDocument(TextDocumentOps.scala:201)
	at scala.meta.internal.pc.SemanticdbTextDocumentProvider.textDocument(SemanticdbTextDocumentProvider.scala:51)

jul 30, 2021 10:50:16 AM scala.meta.internal.pc.CompilerAccess handleError
GRAVE: file%3A%2F%2F%2FC%3A%2FUsers%2Fjavier.fernandezrodr%2FDesktop%2Fscala%2Freinforcement%2Fsrc%2Fexample.scala:8: error: expected class or object definition val
val action1 = new QLAction(1,2)
^
file%3A%2F%2F%2FC%3A%2FUsers%2Fjavier.fernandezrodr%2FDesktop%2Fscala%2Freinforcement%2Fsrc%2Fexample.scala:8: error: expected class or object definition val
val action1 = new QLAction(1,2)
^
	at scala.meta.internal.parsers.Reporter.syntaxError(Reporter.scala:16)
	at scala.meta.internal.parsers.Reporter.syntaxError$(Reporter.scala:16)
	at scala.meta.internal.parsers.Reporter$$anon$1.syntaxError(Reporter.scala:22)
	at scala.meta.internal.parsers.Reporter.syntaxError(Reporter.scala:17)
	at scala.meta.internal.parsers.Reporter.syntaxError$(Reporter.scala:17)
	at scala.meta.internal.parsers.Reporter$$anon$1.syntaxError(Reporter.scala:22)
	at scala.meta.internal.parsers.ScalametaParser.statSeq(ScalametaParser.scala:5009)
	at scala.meta.internal.parsers.ScalametaParser.topStatSeq(ScalametaParser.scala:5016)
	at scala.meta.internal.parsers.ScalametaParser.$anonfun$batchSource$1(ScalametaParser.scala:5247)
	at scala.meta.internal.parsers.ScalametaParser.atPos(ScalametaParser.scala:853)
	at scala.meta.internal.parsers.ScalametaParser.autoPos(ScalametaParser.scala:887)
	at scala.meta.internal.parsers.ScalametaParser.batchSource(ScalametaParser.scala:5206)
	at scala.meta.internal.parsers.ScalametaParser.$anonfun$source$1(ScalametaParser.scala:5189)
	at scala.meta.internal.parsers.ScalametaParser.atPos(ScalametaParser.scala:853)
	at scala.meta.internal.parsers.ScalametaParser.autoPos(ScalametaParser.scala:887)
	at scala.meta.internal.parsers.ScalametaParser.source(ScalametaParser.scala:5188)
	at scala.meta.internal.parsers.ScalametaParser.entrypointSource(ScalametaParser.scala:5194)
	at scala.meta.internal.parsers.ScalametaParser.$anonfun$parseSource$2(ScalametaParser.scala:143)
	at scala.meta.internal.parsers.ScalametaParser.parseRule(ScalametaParser.scala:53)
	at scala.meta.internal.parsers.ScalametaParser.parseSource(ScalametaParser.scala:143)
	at scala.meta.parsers.Parse$.$anonfun$parseSource$1(Parse.scala:29)
	at scala.meta.internal.parsers.ScalametaParser$$anon$263.apply(ScalametaParser.scala:5258)
	at scala.meta.parsers.Api$XtensionParseDialectInput.parse(Api.scala:25)
	at scala.meta.internal.semanticdb.scalac.ParseOps$XtensionCompilationUnitSource.toSource(ParseOps.scala:17)
	at scala.meta.internal.semanticdb.scalac.TextDocumentOps$XtensionCompilationUnitDocument.toTextDocument(TextDocumentOps.scala:201)
	at scala.meta.internal.pc.SemanticdbTextDocumentProvider.textDocument(SemanticdbTextDocumentProvider.scala:51)

jul 30, 2021 10:50:16 AM scala.meta.internal.pc.CompilerAccess handleError
GRAVE: file%3A%2F%2F%2FC%3A%2FUsers%2Fjavier.fernandezrodr%2FDesktop%2Fscala%2Freinforcement%2Fsrc%2Fexample.scala:8: error: expected class or object definition val
val action1 = new QLAction(1,2)
^
file%3A%2F%2F%2FC%3A%2FUsers%2Fjavier.fernandezrodr%2FDesktop%2Fscala%2Freinforcement%2Fsrc%2Fexample.scala:8: error: expected class or object definition val
val action1 = new QLAction(1,2)
^
	at scala.meta.internal.parsers.Reporter.syntaxError(Reporter.scala:16)
	at scala.meta.internal.parsers.Reporter.syntaxError$(Reporter.scala:16)
	at scala.meta.internal.parsers.Reporter$$anon$1.syntaxError(Reporter.scala:22)
	at scala.meta.internal.parsers.Reporter.syntaxError(Reporter.scala:17)
	at scala.meta.internal.parsers.Reporter.syntaxError$(Reporter.scala:17)
	at scala.meta.internal.parsers.Reporter$$anon$1.syntaxError(Reporter.scala:22)
	at scala.meta.internal.parsers.ScalametaParser.statSeq(ScalametaParser.scala:5009)
	at scala.meta.internal.parsers.ScalametaParser.topStatSeq(ScalametaParser.scala:5016)
	at scala.meta.internal.parsers.ScalametaParser.$anonfun$batchSource$1(ScalametaParser.scala:5247)
	at scala.meta.internal.parsers.ScalametaParser.atPos(ScalametaParser.scala:853)
	at scala.meta.internal.parsers.ScalametaParser.autoPos(ScalametaParser.scala:887)
	at scala.meta.internal.parsers.ScalametaParser.batchSource(ScalametaParser.scala:5206)
	at scala.meta.internal.parsers.ScalametaParser.$anonfun$source$1(ScalametaParser.scala:5189)
	at scala.meta.internal.parsers.ScalametaParser.atPos(ScalametaParser.scala:853)
	at scala.meta.internal.parsers.ScalametaParser.autoPos(ScalametaParser.scala:887)
	at scala.meta.internal.parsers.ScalametaParser.source(ScalametaParser.scala:5188)
	at scala.meta.internal.parsers.ScalametaParser.entrypointSource(ScalametaParser.scala:5194)
	at scala.meta.internal.parsers.ScalametaParser.$anonfun$parseSource$2(ScalametaParser.scala:143)
	at scala.meta.internal.parsers.ScalametaParser.parseRule(ScalametaParser.scala:53)
	at scala.meta.internal.parsers.ScalametaParser.parseSource(ScalametaParser.scala:143)
	at scala.meta.parsers.Parse$.$anonfun$parseSource$1(Parse.scala:29)
	at scala.meta.internal.parsers.ScalametaParser$$anon$263.apply(ScalametaParser.scala:5258)
	at scala.meta.parsers.Api$XtensionParseDialectInput.parse(Api.scala:25)
	at scala.meta.internal.semanticdb.scalac.ParseOps$XtensionCompilationUnitSource.toSource(ParseOps.scala:17)
	at scala.meta.internal.semanticdb.scalac.TextDocumentOps$XtensionCompilationUnitDocument.toTextDocument(TextDocumentOps.scala:201)
	at scala.meta.internal.pc.SemanticdbTextDocumentProvider.textDocument(SemanticdbTextDocumentProvider.scala:51)

jul 30, 2021 10:50:19 AM scala.meta.internal.pc.CompilerAccess handleError
GRAVE: file%3A%2F%2F%2FC%3A%2FUsers%2Fjavier.fernandezrodr%2FDesktop%2Fscala%2Freinforcement%2Fsrc%2Fexample.scala:8: error: expected class or object definition val
val action1 = new QLAction(1,2)
^
file%3A%2F%2F%2FC%3A%2FUsers%2Fjavier.fernandezrodr%2FDesktop%2Fscala%2Freinforcement%2Fsrc%2Fexample.scala:8: error: expected class or object definition val
val action1 = new QLAction(1,2)
^
	at scala.meta.internal.parsers.Reporter.syntaxError(Reporter.scala:16)
	at scala.meta.internal.parsers.Reporter.syntaxError$(Reporter.scala:16)
	at scala.meta.internal.parsers.Reporter$$anon$1.syntaxError(Reporter.scala:22)
	at scala.meta.internal.parsers.Reporter.syntaxError(Reporter.scala:17)
	at scala.meta.internal.parsers.Reporter.syntaxError$(Reporter.scala:17)
	at scala.meta.internal.parsers.Reporter$$anon$1.syntaxError(Reporter.scala:22)
	at scala.meta.internal.parsers.ScalametaParser.statSeq(ScalametaParser.scala:5009)
	at scala.meta.internal.parsers.ScalametaParser.topStatSeq(ScalametaParser.scala:5016)
	at scala.meta.internal.parsers.ScalametaParser.$anonfun$batchSource$1(ScalametaParser.scala:5247)
	at scala.meta.internal.parsers.ScalametaParser.atPos(ScalametaParser.scala:853)
	at scala.meta.internal.parsers.ScalametaParser.autoPos(ScalametaParser.scala:887)
	at scala.meta.internal.parsers.ScalametaParser.batchSource(ScalametaParser.scala:5206)
	at scala.meta.internal.parsers.ScalametaParser.$anonfun$source$1(ScalametaParser.scala:5189)
	at scala.meta.internal.parsers.ScalametaParser.atPos(ScalametaParser.scala:853)
	at scala.meta.internal.parsers.ScalametaParser.autoPos(ScalametaParser.scala:887)
	at scala.meta.internal.parsers.ScalametaParser.source(ScalametaParser.scala:5188)
	at scala.meta.internal.parsers.ScalametaParser.entrypointSource(ScalametaParser.scala:5194)
	at scala.meta.internal.parsers.ScalametaParser.$anonfun$parseSource$2(ScalametaParser.scala:143)
	at scala.meta.internal.parsers.ScalametaParser.parseRule(ScalametaParser.scala:53)
	at scala.meta.internal.parsers.ScalametaParser.parseSource(ScalametaParser.scala:143)
	at scala.meta.parsers.Parse$.$anonfun$parseSource$1(Parse.scala:29)
	at scala.meta.internal.parsers.ScalametaParser$$anon$263.apply(ScalametaParser.scala:5258)
	at scala.meta.parsers.Api$XtensionParseDialectInput.parse(Api.scala:25)
	at scala.meta.internal.semanticdb.scalac.ParseOps$XtensionCompilationUnitSource.toSource(ParseOps.scala:17)
	at scala.meta.internal.semanticdb.scalac.TextDocumentOps$XtensionCompilationUnitDocument.toTextDocument(TextDocumentOps.scala:201)
	at scala.meta.internal.pc.SemanticdbTextDocumentProvider.textDocument(SemanticdbTextDocumentProvider.scala:51)

jul 30, 2021 10:50:30 AM scala.meta.internal.pc.CompilerAccess handleError
GRAVE: file%3A%2F%2F%2FC%3A%2FUsers%2Fjavier.fernandezrodr%2FDesktop%2Fscala%2Freinforcement%2Fsrc%2Fexample.scala:8: error: expected class or object definition val
val action1 = new QLAction(1,2)
^
file%3A%2F%2F%2FC%3A%2FUsers%2Fjavier.fernandezrodr%2FDesktop%2Fscala%2Freinforcement%2Fsrc%2Fexample.scala:8: error: expected class or object definition val
val action1 = new QLAction(1,2)
^
	at scala.meta.internal.parsers.Reporter.syntaxError(Reporter.scala:16)
	at scala.meta.internal.parsers.Reporter.syntaxError$(Reporter.scala:16)
	at scala.meta.internal.parsers.Reporter$$anon$1.syntaxError(Reporter.scala:22)
	at scala.meta.internal.parsers.Reporter.syntaxError(Reporter.scala:17)
	at scala.meta.internal.parsers.Reporter.syntaxError$(Reporter.scala:17)
	at scala.meta.internal.parsers.Reporter$$anon$1.syntaxError(Reporter.scala:22)
	at scala.meta.internal.parsers.ScalametaParser.statSeq(ScalametaParser.scala:5009)
	at scala.meta.internal.parsers.ScalametaParser.topStatSeq(ScalametaParser.scala:5016)
	at scala.meta.internal.parsers.ScalametaParser.$anonfun$batchSource$1(ScalametaParser.scala:5247)
	at scala.meta.internal.parsers.ScalametaParser.atPos(ScalametaParser.scala:853)
	at scala.meta.internal.parsers.ScalametaParser.autoPos(ScalametaParser.scala:887)
	at scala.meta.internal.parsers.ScalametaParser.batchSource(ScalametaParser.scala:5206)
	at scala.meta.internal.parsers.ScalametaParser.$anonfun$source$1(ScalametaParser.scala:5189)
	at scala.meta.internal.parsers.ScalametaParser.atPos(ScalametaParser.scala:853)
	at scala.meta.internal.parsers.ScalametaParser.autoPos(ScalametaParser.scala:887)
	at scala.meta.internal.parsers.ScalametaParser.source(ScalametaParser.scala:5188)
	at scala.meta.internal.parsers.ScalametaParser.entrypointSource(ScalametaParser.scala:5194)
	at scala.meta.internal.parsers.ScalametaParser.$anonfun$parseSource$2(ScalametaParser.scala:143)
	at scala.meta.internal.parsers.ScalametaParser.parseRule(ScalametaParser.scala:53)
	at scala.meta.internal.parsers.ScalametaParser.parseSource(ScalametaParser.scala:143)
	at scala.meta.parsers.Parse$.$anonfun$parseSource$1(Parse.scala:29)
	at scala.meta.internal.parsers.ScalametaParser$$anon$263.apply(ScalametaParser.scala:5258)
	at scala.meta.parsers.Api$XtensionParseDialectInput.parse(Api.scala:25)
	at scala.meta.internal.semanticdb.scalac.ParseOps$XtensionCompilationUnitSource.toSource(ParseOps.scala:17)
	at scala.meta.internal.semanticdb.scalac.TextDocumentOps$XtensionCompilationUnitDocument.toTextDocument(TextDocumentOps.scala:201)
	at scala.meta.internal.pc.SemanticdbTextDocumentProvider.textDocument(SemanticdbTextDocumentProvider.scala:51)

jul 30, 2021 10:50:31 AM scala.meta.internal.pc.CompilerAccess handleError
GRAVE: file%3A%2F%2F%2FC%3A%2FUsers%2Fjavier.fernandezrodr%2FDesktop%2Fscala%2Freinforcement%2Fsrc%2Fexample.scala:8: error: expected class or object definition val
val action1 = new QLAction(1,2)
^
file%3A%2F%2F%2FC%3A%2FUsers%2Fjavier.fernandezrodr%2FDesktop%2Fscala%2Freinforcement%2Fsrc%2Fexample.scala:8: error: expected class or object definition val
val action1 = new QLAction(1,2)
^
	at scala.meta.internal.parsers.Reporter.syntaxError(Reporter.scala:16)
	at scala.meta.internal.parsers.Reporter.syntaxError$(Reporter.scala:16)
	at scala.meta.internal.parsers.Reporter$$anon$1.syntaxError(Reporter.scala:22)
	at scala.meta.internal.parsers.Reporter.syntaxError(Reporter.scala:17)
	at scala.meta.internal.parsers.Reporter.syntaxError$(Reporter.scala:17)
	at scala.meta.internal.parsers.Reporter$$anon$1.syntaxError(Reporter.scala:22)
	at scala.meta.internal.parsers.ScalametaParser.statSeq(ScalametaParser.scala:5009)
	at scala.meta.internal.parsers.ScalametaParser.topStatSeq(ScalametaParser.scala:5016)
	at scala.meta.internal.parsers.ScalametaParser.$anonfun$batchSource$1(ScalametaParser.scala:5247)
	at scala.meta.internal.parsers.ScalametaParser.atPos(ScalametaParser.scala:853)
	at scala.meta.internal.parsers.ScalametaParser.autoPos(ScalametaParser.scala:887)
	at scala.meta.internal.parsers.ScalametaParser.batchSource(ScalametaParser.scala:5206)
	at scala.meta.internal.parsers.ScalametaParser.$anonfun$source$1(ScalametaParser.scala:5189)
	at scala.meta.internal.parsers.ScalametaParser.atPos(ScalametaParser.scala:853)
	at scala.meta.internal.parsers.ScalametaParser.autoPos(ScalametaParser.scala:887)
	at scala.meta.internal.parsers.ScalametaParser.source(ScalametaParser.scala:5188)
	at scala.meta.internal.parsers.ScalametaParser.entrypointSource(ScalametaParser.scala:5194)
	at scala.meta.internal.parsers.ScalametaParser.$anonfun$parseSource$2(ScalametaParser.scala:143)
	at scala.meta.internal.parsers.ScalametaParser.parseRule(ScalametaParser.scala:53)
	at scala.meta.internal.parsers.ScalametaParser.parseSource(ScalametaParser.scala:143)
	at scala.meta.parsers.Parse$.$anonfun$parseSource$1(Parse.scala:29)
	at scala.meta.internal.parsers.ScalametaParser$$anon$263.apply(ScalametaParser.scala:5258)
	at scala.meta.parsers.Api$XtensionParseDialectInput.parse(Api.scala:25)
	at scala.meta.internal.semanticdb.scalac.ParseOps$XtensionCompilationUnitSource.toSource(ParseOps.scala:17)
	at scala.meta.internal.semanticdb.scalac.TextDocumentOps$XtensionCompilationUnitDocument.toTextDocument(TextDocumentOps.scala:201)
	at scala.meta.internal.pc.SemanticdbTextDocumentProvider.textDocument(SemanticdbTextDocumentProvider.scala:51)

jul 30, 2021 10:50:31 AM scala.meta.internal.pc.CompilerAccess handleError
GRAVE: file%3A%2F%2F%2FC%3A%2FUsers%2Fjavier.fernandezrodr%2FDesktop%2Fscala%2Freinforcement%2Fsrc%2Fexample.scala:8: error: expected class or object definition val
val action1 = new QLAction(1,2)
^
file%3A%2F%2F%2FC%3A%2FUsers%2Fjavier.fernandezrodr%2FDesktop%2Fscala%2Freinforcement%2Fsrc%2Fexample.scala:8: error: expected class or object definition val
val action1 = new QLAction(1,2)
^
	at scala.meta.internal.parsers.Reporter.syntaxError(Reporter.scala:16)
	at scala.meta.internal.parsers.Reporter.syntaxError$(Reporter.scala:16)
	at scala.meta.internal.parsers.Reporter$$anon$1.syntaxError(Reporter.scala:22)
	at scala.meta.internal.parsers.Reporter.syntaxError(Reporter.scala:17)
	at scala.meta.internal.parsers.Reporter.syntaxError$(Reporter.scala:17)
	at scala.meta.internal.parsers.Reporter$$anon$1.syntaxError(Reporter.scala:22)
	at scala.meta.internal.parsers.ScalametaParser.statSeq(ScalametaParser.scala:5009)
	at scala.meta.internal.parsers.ScalametaParser.topStatSeq(ScalametaParser.scala:5016)
	at scala.meta.internal.parsers.ScalametaParser.$anonfun$batchSource$1(ScalametaParser.scala:5247)
	at scala.meta.internal.parsers.ScalametaParser.atPos(ScalametaParser.scala:853)
	at scala.meta.internal.parsers.ScalametaParser.autoPos(ScalametaParser.scala:887)
	at scala.meta.internal.parsers.ScalametaParser.batchSource(ScalametaParser.scala:5206)
	at scala.meta.internal.parsers.ScalametaParser.$anonfun$source$1(ScalametaParser.scala:5189)
	at scala.meta.internal.parsers.ScalametaParser.atPos(ScalametaParser.scala:853)
	at scala.meta.internal.parsers.ScalametaParser.autoPos(ScalametaParser.scala:887)
	at scala.meta.internal.parsers.ScalametaParser.source(ScalametaParser.scala:5188)
	at scala.meta.internal.parsers.ScalametaParser.entrypointSource(ScalametaParser.scala:5194)
	at scala.meta.internal.parsers.ScalametaParser.$anonfun$parseSource$2(ScalametaParser.scala:143)
	at scala.meta.internal.parsers.ScalametaParser.parseRule(ScalametaParser.scala:53)
	at scala.meta.internal.parsers.ScalametaParser.parseSource(ScalametaParser.scala:143)
	at scala.meta.parsers.Parse$.$anonfun$parseSource$1(Parse.scala:29)
	at scala.meta.internal.parsers.ScalametaParser$$anon$263.apply(ScalametaParser.scala:5258)
	at scala.meta.parsers.Api$XtensionParseDialectInput.parse(Api.scala:25)
	at scala.meta.internal.semanticdb.scalac.ParseOps$XtensionCompilationUnitSource.toSource(ParseOps.scala:17)
	at scala.meta.internal.semanticdb.scalac.TextDocumentOps$XtensionCompilationUnitDocument.toTextDocument(TextDocumentOps.scala:201)
	at scala.meta.internal.pc.SemanticdbTextDocumentProvider.textDocument(SemanticdbTextDocumentProvider.scala:51)

[0m2021.07.30 10:50:33 WARN  no build target for: C:\Users\javier.fernandezrodr\Desktop\scala\reinforcement\src\example.scala[0m
jul 30, 2021 10:50:33 AM scala.meta.internal.pc.CompilerAccess handleError
GRAVE: file%3A%2F%2F%2FC%3A%2FUsers%2Fjavier.fernandezrodr%2FDesktop%2Fscala%2Freinforcement%2Fsrc%2Fexample.scala:7: error: expected class or object definition val
val action1 = new QLAction(1,2)
^
file%3A%2F%2F%2FC%3A%2FUsers%2Fjavier.fernandezrodr%2FDesktop%2Fscala%2Freinforcement%2Fsrc%2Fexample.scala:7: error: expected class or object definition val
val action1 = new QLAction(1,2)
^
	at scala.meta.internal.parsers.Reporter.syntaxError(Reporter.scala:16)
	at scala.meta.internal.parsers.Reporter.syntaxError$(Reporter.scala:16)
	at scala.meta.internal.parsers.Reporter$$anon$1.syntaxError(Reporter.scala:22)
	at scala.meta.internal.parsers.Reporter.syntaxError(Reporter.scala:17)
	at scala.meta.internal.parsers.Reporter.syntaxError$(Reporter.scala:17)
	at scala.meta.internal.parsers.Reporter$$anon$1.syntaxError(Reporter.scala:22)
	at scala.meta.internal.parsers.ScalametaParser.statSeq(ScalametaParser.scala:5009)
	at scala.meta.internal.parsers.ScalametaParser.topStatSeq(ScalametaParser.scala:5016)
	at scala.meta.internal.parsers.ScalametaParser.$anonfun$batchSource$1(ScalametaParser.scala:5247)
	at scala.meta.internal.parsers.ScalametaParser.atPos(ScalametaParser.scala:853)
	at scala.meta.internal.parsers.ScalametaParser.autoPos(ScalametaParser.scala:887)
	at scala.meta.internal.parsers.ScalametaParser.batchSource(ScalametaParser.scala:5206)
	at scala.meta.internal.parsers.ScalametaParser.$anonfun$source$1(ScalametaParser.scala:5189)
	at scala.meta.internal.parsers.ScalametaParser.atPos(ScalametaParser.scala:853)
	at scala.meta.internal.parsers.ScalametaParser.autoPos(ScalametaParser.scala:887)
	at scala.meta.internal.parsers.ScalametaParser.source(ScalametaParser.scala:5188)
	at scala.meta.internal.parsers.ScalametaParser.entrypointSource(ScalametaParser.scala:5194)
	at scala.meta.internal.parsers.ScalametaParser.$anonfun$parseSource$2(ScalametaParser.scala:143)
	at scala.meta.internal.parsers.ScalametaParser.parseRule(ScalametaParser.scala:53)
	at scala.meta.internal.parsers.ScalametaParser.parseSource(ScalametaParser.scala:143)
	at scala.meta.parsers.Parse$.$anonfun$parseSource$1(Parse.scala:29)
	at scala.meta.internal.parsers.ScalametaParser$$anon$263.apply(ScalametaParser.scala:5258)
	at scala.meta.parsers.Api$XtensionParseDialectInput.parse(Api.scala:25)
	at scala.meta.internal.semanticdb.scalac.ParseOps$XtensionCompilationUnitSource.toSource(ParseOps.scala:17)
	at scala.meta.internal.semanticdb.scalac.TextDocumentOps$XtensionCompilationUnitDocument.toTextDocument(TextDocumentOps.scala:201)
	at scala.meta.internal.pc.SemanticdbTextDocumentProvider.textDocument(SemanticdbTextDocumentProvider.scala:51)

[0m2021.07.30 10:51:29 INFO  shutting down Metals[0m
[0m2021.07.30 11:14:25 INFO  Started: Metals version 0.10.5 in workspace 'C:\Users\javier.fernandezrodr\Desktop\scala\reinforcement\src' for client Visual Studio Code 1.52.1.[0m
[0m2021.07.30 11:14:25 INFO  time: initialize in 0.43s[0m
[0m2021.07.30 11:14:25 WARN  Build server is not auto-connectable.[0m
[0m2021.07.30 11:14:25 WARN  no build tool detected in workspace 'C:\Users\javier.fernandezrodr\Desktop\scala\reinforcement\src'. The most common cause for this problem is that the editor was opened in the wrong working directory, for example if you use sbt then the workspace directory should contain build.sbt. [0m
[0m2021.07.30 11:14:25 WARN  no build target for: C:\Users\javier.fernandezrodr\Desktop\scala\reinforcement\src\example.scala[0m
[0m2021.07.30 11:14:28 INFO  no build target: using presentation compiler with only scala-library: 2.12.14[0m
jul 30, 2021 11:14:30 AM scala.meta.internal.pc.CompilerAccess handleError
GRAVE: file%3A%2F%2F%2FC%3A%2FUsers%2Fjavier.fernandezrodr%2FDesktop%2Fscala%2Freinforcement%2Fsrc%2Fexample.scala:7: error: expected class or object definition val
val action1 = new QLAction(1,2)
^
file%3A%2F%2F%2FC%3A%2FUsers%2Fjavier.fernandezrodr%2FDesktop%2Fscala%2Freinforcement%2Fsrc%2Fexample.scala:7: error: expected class or object definition val
val action1 = new QLAction(1,2)
^
	at scala.meta.internal.parsers.Reporter.syntaxError(Reporter.scala:16)
	at scala.meta.internal.parsers.Reporter.syntaxError$(Reporter.scala:16)
	at scala.meta.internal.parsers.Reporter$$anon$1.syntaxError(Reporter.scala:22)
	at scala.meta.internal.parsers.Reporter.syntaxError(Reporter.scala:17)
	at scala.meta.internal.parsers.Reporter.syntaxError$(Reporter.scala:17)
	at scala.meta.internal.parsers.Reporter$$anon$1.syntaxError(Reporter.scala:22)
	at scala.meta.internal.parsers.ScalametaParser.statSeq(ScalametaParser.scala:5009)
	at scala.meta.internal.parsers.ScalametaParser.topStatSeq(ScalametaParser.scala:5016)
	at scala.meta.internal.parsers.ScalametaParser.$anonfun$batchSource$1(ScalametaParser.scala:5247)
	at scala.meta.internal.parsers.ScalametaParser.atPos(ScalametaParser.scala:853)
	at scala.meta.internal.parsers.ScalametaParser.autoPos(ScalametaParser.scala:887)
	at scala.meta.internal.parsers.ScalametaParser.batchSource(ScalametaParser.scala:5206)
	at scala.meta.internal.parsers.ScalametaParser.$anonfun$source$1(ScalametaParser.scala:5189)
	at scala.meta.internal.parsers.ScalametaParser.atPos(ScalametaParser.scala:853)
	at scala.meta.internal.parsers.ScalametaParser.autoPos(ScalametaParser.scala:887)
	at scala.meta.internal.parsers.ScalametaParser.source(ScalametaParser.scala:5188)
	at scala.meta.internal.parsers.ScalametaParser.entrypointSource(ScalametaParser.scala:5194)
	at scala.meta.internal.parsers.ScalametaParser.$anonfun$parseSource$2(ScalametaParser.scala:143)
	at scala.meta.internal.parsers.ScalametaParser.parseRule(ScalametaParser.scala:53)
	at scala.meta.internal.parsers.ScalametaParser.parseSource(ScalametaParser.scala:143)
	at scala.meta.parsers.Parse$.$anonfun$parseSource$1(Parse.scala:29)
	at scala.meta.internal.parsers.ScalametaParser$$anon$263.apply(ScalametaParser.scala:5258)
	at scala.meta.parsers.Api$XtensionParseDialectInput.parse(Api.scala:25)
	at scala.meta.internal.semanticdb.scalac.ParseOps$XtensionCompilationUnitSource.toSource(ParseOps.scala:17)
	at scala.meta.internal.semanticdb.scalac.TextDocumentOps$XtensionCompilationUnitDocument.toTextDocument(TextDocumentOps.scala:201)
	at scala.meta.internal.pc.SemanticdbTextDocumentProvider.textDocument(SemanticdbTextDocumentProvider.scala:51)

jul 30, 2021 11:14:30 AM scala.meta.internal.pc.CompilerAccess handleError
GRAVE: file%3A%2F%2F%2FC%3A%2FUsers%2Fjavier.fernandezrodr%2FDesktop%2Fscala%2Freinforcement%2Fsrc%2Fexample.scala:7: error: expected class or object definition val
val action1 = new QLAction(1,2)
^
file%3A%2F%2F%2FC%3A%2FUsers%2Fjavier.fernandezrodr%2FDesktop%2Fscala%2Freinforcement%2Fsrc%2Fexample.scala:7: error: expected class or object definition val
val action1 = new QLAction(1,2)
^
	at scala.meta.internal.parsers.Reporter.syntaxError(Reporter.scala:16)
	at scala.meta.internal.parsers.Reporter.syntaxError$(Reporter.scala:16)
	at scala.meta.internal.parsers.Reporter$$anon$1.syntaxError(Reporter.scala:22)
	at scala.meta.internal.parsers.Reporter.syntaxError(Reporter.scala:17)
	at scala.meta.internal.parsers.Reporter.syntaxError$(Reporter.scala:17)
	at scala.meta.internal.parsers.Reporter$$anon$1.syntaxError(Reporter.scala:22)
	at scala.meta.internal.parsers.ScalametaParser.statSeq(ScalametaParser.scala:5009)
	at scala.meta.internal.parsers.ScalametaParser.topStatSeq(ScalametaParser.scala:5016)
	at scala.meta.internal.parsers.ScalametaParser.$anonfun$batchSource$1(ScalametaParser.scala:5247)
	at scala.meta.internal.parsers.ScalametaParser.atPos(ScalametaParser.scala:853)
	at scala.meta.internal.parsers.ScalametaParser.autoPos(ScalametaParser.scala:887)
	at scala.meta.internal.parsers.ScalametaParser.batchSource(ScalametaParser.scala:5206)
	at scala.meta.internal.parsers.ScalametaParser.$anonfun$source$1(ScalametaParser.scala:5189)
	at scala.meta.internal.parsers.ScalametaParser.atPos(ScalametaParser.scala:853)
	at scala.meta.internal.parsers.ScalametaParser.autoPos(ScalametaParser.scala:887)
	at scala.meta.internal.parsers.ScalametaParser.source(ScalametaParser.scala:5188)
	at scala.meta.internal.parsers.ScalametaParser.entrypointSource(ScalametaParser.scala:5194)
	at scala.meta.internal.parsers.ScalametaParser.$anonfun$parseSource$2(ScalametaParser.scala:143)
	at scala.meta.internal.parsers.ScalametaParser.parseRule(ScalametaParser.scala:53)
	at scala.meta.internal.parsers.ScalametaParser.parseSource(ScalametaParser.scala:143)
	at scala.meta.parsers.Parse$.$anonfun$parseSource$1(Parse.scala:29)
	at scala.meta.internal.parsers.ScalametaParser$$anon$263.apply(ScalametaParser.scala:5258)
	at scala.meta.parsers.Api$XtensionParseDialectInput.parse(Api.scala:25)
	at scala.meta.internal.semanticdb.scalac.ParseOps$XtensionCompilationUnitSource.toSource(ParseOps.scala:17)
	at scala.meta.internal.semanticdb.scalac.TextDocumentOps$XtensionCompilationUnitDocument.toTextDocument(TextDocumentOps.scala:201)
	at scala.meta.internal.pc.SemanticdbTextDocumentProvider.textDocument(SemanticdbTextDocumentProvider.scala:51)

jul 30, 2021 11:14:30 AM scala.meta.internal.pc.CompilerAccess handleError
GRAVE: file%3A%2F%2F%2FC%3A%2FUsers%2Fjavier.fernandezrodr%2FDesktop%2Fscala%2Freinforcement%2Fsrc%2Fexample.scala:7: error: expected class or object definition val
val action1 = new QLAction(1,2)
^
file%3A%2F%2F%2FC%3A%2FUsers%2Fjavier.fernandezrodr%2FDesktop%2Fscala%2Freinforcement%2Fsrc%2Fexample.scala:7: error: expected class or object definition val
val action1 = new QLAction(1,2)
^
	at scala.meta.internal.parsers.Reporter.syntaxError(Reporter.scala:16)
	at scala.meta.internal.parsers.Reporter.syntaxError$(Reporter.scala:16)
	at scala.meta.internal.parsers.Reporter$$anon$1.syntaxError(Reporter.scala:22)
	at scala.meta.internal.parsers.Reporter.syntaxError(Reporter.scala:17)
	at scala.meta.internal.parsers.Reporter.syntaxError$(Reporter.scala:17)
	at scala.meta.internal.parsers.Reporter$$anon$1.syntaxError(Reporter.scala:22)
	at scala.meta.internal.parsers.ScalametaParser.statSeq(ScalametaParser.scala:5009)
	at scala.meta.internal.parsers.ScalametaParser.topStatSeq(ScalametaParser.scala:5016)
	at scala.meta.internal.parsers.ScalametaParser.$anonfun$batchSource$1(ScalametaParser.scala:5247)
	at scala.meta.internal.parsers.ScalametaParser.atPos(ScalametaParser.scala:853)
	at scala.meta.internal.parsers.ScalametaParser.autoPos(ScalametaParser.scala:887)
	at scala.meta.internal.parsers.ScalametaParser.batchSource(ScalametaParser.scala:5206)
	at scala.meta.internal.parsers.ScalametaParser.$anonfun$source$1(ScalametaParser.scala:5189)
	at scala.meta.internal.parsers.ScalametaParser.atPos(ScalametaParser.scala:853)
	at scala.meta.internal.parsers.ScalametaParser.autoPos(ScalametaParser.scala:887)
	at scala.meta.internal.parsers.ScalametaParser.source(ScalametaParser.scala:5188)
	at scala.meta.internal.parsers.ScalametaParser.entrypointSource(ScalametaParser.scala:5194)
	at scala.meta.internal.parsers.ScalametaParser.$anonfun$parseSource$2(ScalametaParser.scala:143)
	at scala.meta.internal.parsers.ScalametaParser.parseRule(ScalametaParser.scala:53)
	at scala.meta.internal.parsers.ScalametaParser.parseSource(ScalametaParser.scala:143)
	at scala.meta.parsers.Parse$.$anonfun$parseSource$1(Parse.scala:29)
	at scala.meta.internal.parsers.ScalametaParser$$anon$263.apply(ScalametaParser.scala:5258)
	at scala.meta.parsers.Api$XtensionParseDialectInput.parse(Api.scala:25)
	at scala.meta.internal.semanticdb.scalac.ParseOps$XtensionCompilationUnitSource.toSource(ParseOps.scala:17)
	at scala.meta.internal.semanticdb.scalac.TextDocumentOps$XtensionCompilationUnitDocument.toTextDocument(TextDocumentOps.scala:201)
	at scala.meta.internal.pc.SemanticdbTextDocumentProvider.textDocument(SemanticdbTextDocumentProvider.scala:51)

jul 30, 2021 11:14:30 AM scala.meta.internal.pc.CompilerAccess handleError
GRAVE: file%3A%2F%2F%2FC%3A%2FUsers%2Fjavier.fernandezrodr%2FDesktop%2Fscala%2Freinforcement%2Fsrc%2Fexample.scala:7: error: expected class or object definition val
val action1 = new QLAction(1,2)
^
file%3A%2F%2F%2FC%3A%2FUsers%2Fjavier.fernandezrodr%2FDesktop%2Fscala%2Freinforcement%2Fsrc%2Fexample.scala:7: error: expected class or object definition val
val action1 = new QLAction(1,2)
^
	at scala.meta.internal.parsers.Reporter.syntaxError(Reporter.scala:16)
	at scala.meta.internal.parsers.Reporter.syntaxError$(Reporter.scala:16)
	at scala.meta.internal.parsers.Reporter$$anon$1.syntaxError(Reporter.scala:22)
	at scala.meta.internal.parsers.Reporter.syntaxError(Reporter.scala:17)
	at scala.meta.internal.parsers.Reporter.syntaxError$(Reporter.scala:17)
	at scala.meta.internal.parsers.Reporter$$anon$1.syntaxError(Reporter.scala:22)
	at scala.meta.internal.parsers.ScalametaParser.statSeq(ScalametaParser.scala:5009)
	at scala.meta.internal.parsers.ScalametaParser.topStatSeq(ScalametaParser.scala:5016)
	at scala.meta.internal.parsers.ScalametaParser.$anonfun$batchSource$1(ScalametaParser.scala:5247)
	at scala.meta.internal.parsers.ScalametaParser.atPos(ScalametaParser.scala:853)
	at scala.meta.internal.parsers.ScalametaParser.autoPos(ScalametaParser.scala:887)
	at scala.meta.internal.parsers.ScalametaParser.batchSource(ScalametaParser.scala:5206)
	at scala.meta.internal.parsers.ScalametaParser.$anonfun$source$1(ScalametaParser.scala:5189)
	at scala.meta.internal.parsers.ScalametaParser.atPos(ScalametaParser.scala:853)
	at scala.meta.internal.parsers.ScalametaParser.autoPos(ScalametaParser.scala:887)
	at scala.meta.internal.parsers.ScalametaParser.source(ScalametaParser.scala:5188)
	at scala.meta.internal.parsers.ScalametaParser.entrypointSource(ScalametaParser.scala:5194)
	at scala.meta.internal.parsers.ScalametaParser.$anonfun$parseSource$2(ScalametaParser.scala:143)
	at scala.meta.internal.parsers.ScalametaParser.parseRule(ScalametaParser.scala:53)
	at scala.meta.internal.parsers.ScalametaParser.parseSource(ScalametaParser.scala:143)
	at scala.meta.parsers.Parse$.$anonfun$parseSource$1(Parse.scala:29)
	at scala.meta.internal.parsers.ScalametaParser$$anon$263.apply(ScalametaParser.scala:5258)
	at scala.meta.parsers.Api$XtensionParseDialectInput.parse(Api.scala:25)
	at scala.meta.internal.semanticdb.scalac.ParseOps$XtensionCompilationUnitSource.toSource(ParseOps.scala:17)
	at scala.meta.internal.semanticdb.scalac.TextDocumentOps$XtensionCompilationUnitDocument.toTextDocument(TextDocumentOps.scala:201)
	at scala.meta.internal.pc.SemanticdbTextDocumentProvider.textDocument(SemanticdbTextDocumentProvider.scala:51)

jul 30, 2021 11:14:30 AM scala.meta.internal.pc.CompilerAccess handleError
GRAVE: file%3A%2F%2F%2FC%3A%2FUsers%2Fjavier.fernandezrodr%2FDesktop%2Fscala%2Freinforcement%2Fsrc%2Fexample.scala:7: error: expected class or object definition val
val action1 = new QLAction(1,2)
^
file%3A%2F%2F%2FC%3A%2FUsers%2Fjavier.fernandezrodr%2FDesktop%2Fscala%2Freinforcement%2Fsrc%2Fexample.scala:7: error: expected class or object definition val
val action1 = new QLAction(1,2)
^
	at scala.meta.internal.parsers.Reporter.syntaxError(Reporter.scala:16)
	at scala.meta.internal.parsers.Reporter.syntaxError$(Reporter.scala:16)
	at scala.meta.internal.parsers.Reporter$$anon$1.syntaxError(Reporter.scala:22)
	at scala.meta.internal.parsers.Reporter.syntaxError(Reporter.scala:17)
	at scala.meta.internal.parsers.Reporter.syntaxError$(Reporter.scala:17)
	at scala.meta.internal.parsers.Reporter$$anon$1.syntaxError(Reporter.scala:22)
	at scala.meta.internal.parsers.ScalametaParser.statSeq(ScalametaParser.scala:5009)
	at scala.meta.internal.parsers.ScalametaParser.topStatSeq(ScalametaParser.scala:5016)
	at scala.meta.internal.parsers.ScalametaParser.$anonfun$batchSource$1(ScalametaParser.scala:5247)
	at scala.meta.internal.parsers.ScalametaParser.atPos(ScalametaParser.scala:853)
	at scala.meta.internal.parsers.ScalametaParser.autoPos(ScalametaParser.scala:887)
	at scala.meta.internal.parsers.ScalametaParser.batchSource(ScalametaParser.scala:5206)
	at scala.meta.internal.parsers.ScalametaParser.$anonfun$source$1(ScalametaParser.scala:5189)
	at scala.meta.internal.parsers.ScalametaParser.atPos(ScalametaParser.scala:853)
	at scala.meta.internal.parsers.ScalametaParser.autoPos(ScalametaParser.scala:887)
	at scala.meta.internal.parsers.ScalametaParser.source(ScalametaParser.scala:5188)
	at scala.meta.internal.parsers.ScalametaParser.entrypointSource(ScalametaParser.scala:5194)
	at scala.meta.internal.parsers.ScalametaParser.$anonfun$parseSource$2(ScalametaParser.scala:143)
	at scala.meta.internal.parsers.ScalametaParser.parseRule(ScalametaParser.scala:53)
	at scala.meta.internal.parsers.ScalametaParser.parseSource(ScalametaParser.scala:143)
	at scala.meta.parsers.Parse$.$anonfun$parseSource$1(Parse.scala:29)
	at scala.meta.internal.parsers.ScalametaParser$$anon$263.apply(ScalametaParser.scala:5258)
	at scala.meta.parsers.Api$XtensionParseDialectInput.parse(Api.scala:25)
	at scala.meta.internal.semanticdb.scalac.ParseOps$XtensionCompilationUnitSource.toSource(ParseOps.scala:17)
	at scala.meta.internal.semanticdb.scalac.TextDocumentOps$XtensionCompilationUnitDocument.toTextDocument(TextDocumentOps.scala:201)
	at scala.meta.internal.pc.SemanticdbTextDocumentProvider.textDocument(SemanticdbTextDocumentProvider.scala:51)

jul 30, 2021 11:14:31 AM scala.meta.internal.pc.CompilerAccess handleError
GRAVE: file%3A%2F%2F%2FC%3A%2FUsers%2Fjavier.fernandezrodr%2FDesktop%2Fscala%2Freinforcement%2Fsrc%2Fexample.scala:7: error: expected class or object definition val
val action1 = new QLAction(1,2)
^
file%3A%2F%2F%2FC%3A%2FUsers%2Fjavier.fernandezrodr%2FDesktop%2Fscala%2Freinforcement%2Fsrc%2Fexample.scala:7: error: expected class or object definition val
val action1 = new QLAction(1,2)
^
	at scala.meta.internal.parsers.Reporter.syntaxError(Reporter.scala:16)
	at scala.meta.internal.parsers.Reporter.syntaxError$(Reporter.scala:16)
	at scala.meta.internal.parsers.Reporter$$anon$1.syntaxError(Reporter.scala:22)
	at scala.meta.internal.parsers.Reporter.syntaxError(Reporter.scala:17)
	at scala.meta.internal.parsers.Reporter.syntaxError$(Reporter.scala:17)
	at scala.meta.internal.parsers.Reporter$$anon$1.syntaxError(Reporter.scala:22)
	at scala.meta.internal.parsers.ScalametaParser.statSeq(ScalametaParser.scala:5009)
	at scala.meta.internal.parsers.ScalametaParser.topStatSeq(ScalametaParser.scala:5016)
	at scala.meta.internal.parsers.ScalametaParser.$anonfun$batchSource$1(ScalametaParser.scala:5247)
	at scala.meta.internal.parsers.ScalametaParser.atPos(ScalametaParser.scala:853)
	at scala.meta.internal.parsers.ScalametaParser.autoPos(ScalametaParser.scala:887)
	at scala.meta.internal.parsers.ScalametaParser.batchSource(ScalametaParser.scala:5206)
	at scala.meta.internal.parsers.ScalametaParser.$anonfun$source$1(ScalametaParser.scala:5189)
	at scala.meta.internal.parsers.ScalametaParser.atPos(ScalametaParser.scala:853)
	at scala.meta.internal.parsers.ScalametaParser.autoPos(ScalametaParser.scala:887)
	at scala.meta.internal.parsers.ScalametaParser.source(ScalametaParser.scala:5188)
	at scala.meta.internal.parsers.ScalametaParser.entrypointSource(ScalametaParser.scala:5194)
	at scala.meta.internal.parsers.ScalametaParser.$anonfun$parseSource$2(ScalametaParser.scala:143)
	at scala.meta.internal.parsers.ScalametaParser.parseRule(ScalametaParser.scala:53)
	at scala.meta.internal.parsers.ScalametaParser.parseSource(ScalametaParser.scala:143)
	at scala.meta.parsers.Parse$.$anonfun$parseSource$1(Parse.scala:29)
	at scala.meta.internal.parsers.ScalametaParser$$anon$263.apply(ScalametaParser.scala:5258)
	at scala.meta.parsers.Api$XtensionParseDialectInput.parse(Api.scala:25)
	at scala.meta.internal.semanticdb.scalac.ParseOps$XtensionCompilationUnitSource.toSource(ParseOps.scala:17)
	at scala.meta.internal.semanticdb.scalac.TextDocumentOps$XtensionCompilationUnitDocument.toTextDocument(TextDocumentOps.scala:201)
	at scala.meta.internal.pc.SemanticdbTextDocumentProvider.textDocument(SemanticdbTextDocumentProvider.scala:51)

jul 30, 2021 11:14:31 AM scala.meta.internal.pc.CompilerAccess handleError
GRAVE: file%3A%2F%2F%2FC%3A%2FUsers%2Fjavier.fernandezrodr%2FDesktop%2Fscala%2Freinforcement%2Fsrc%2Fexample.scala:7: error: expected class or object definition val
val action1 = new QLAction(1,2)
^
file%3A%2F%2F%2FC%3A%2FUsers%2Fjavier.fernandezrodr%2FDesktop%2Fscala%2Freinforcement%2Fsrc%2Fexample.scala:7: error: expected class or object definition val
val action1 = new QLAction(1,2)
^
	at scala.meta.internal.parsers.Reporter.syntaxError(Reporter.scala:16)
	at scala.meta.internal.parsers.Reporter.syntaxError$(Reporter.scala:16)
	at scala.meta.internal.parsers.Reporter$$anon$1.syntaxError(Reporter.scala:22)
	at scala.meta.internal.parsers.Reporter.syntaxError(Reporter.scala:17)
	at scala.meta.internal.parsers.Reporter.syntaxError$(Reporter.scala:17)
	at scala.meta.internal.parsers.Reporter$$anon$1.syntaxError(Reporter.scala:22)
	at scala.meta.internal.parsers.ScalametaParser.statSeq(ScalametaParser.scala:5009)
	at scala.meta.internal.parsers.ScalametaParser.topStatSeq(ScalametaParser.scala:5016)
	at scala.meta.internal.parsers.ScalametaParser.$anonfun$batchSource$1(ScalametaParser.scala:5247)
	at scala.meta.internal.parsers.ScalametaParser.atPos(ScalametaParser.scala:853)
	at scala.meta.internal.parsers.ScalametaParser.autoPos(ScalametaParser.scala:887)
	at scala.meta.internal.parsers.ScalametaParser.batchSource(ScalametaParser.scala:5206)
	at scala.meta.internal.parsers.ScalametaParser.$anonfun$source$1(ScalametaParser.scala:5189)
	at scala.meta.internal.parsers.ScalametaParser.atPos(ScalametaParser.scala:853)
	at scala.meta.internal.parsers.ScalametaParser.autoPos(ScalametaParser.scala:887)
	at scala.meta.internal.parsers.ScalametaParser.source(ScalametaParser.scala:5188)
	at scala.meta.internal.parsers.ScalametaParser.entrypointSource(ScalametaParser.scala:5194)
	at scala.meta.internal.parsers.ScalametaParser.$anonfun$parseSource$2(ScalametaParser.scala:143)
	at scala.meta.internal.parsers.ScalametaParser.parseRule(ScalametaParser.scala:53)
	at scala.meta.internal.parsers.ScalametaParser.parseSource(ScalametaParser.scala:143)
	at scala.meta.parsers.Parse$.$anonfun$parseSource$1(Parse.scala:29)
	at scala.meta.internal.parsers.ScalametaParser$$anon$263.apply(ScalametaParser.scala:5258)
	at scala.meta.parsers.Api$XtensionParseDialectInput.parse(Api.scala:25)
	at scala.meta.internal.semanticdb.scalac.ParseOps$XtensionCompilationUnitSource.toSource(ParseOps.scala:17)
	at scala.meta.internal.semanticdb.scalac.TextDocumentOps$XtensionCompilationUnitDocument.toTextDocument(TextDocumentOps.scala:201)
	at scala.meta.internal.pc.SemanticdbTextDocumentProvider.textDocument(SemanticdbTextDocumentProvider.scala:51)

jul 30, 2021 11:14:31 AM scala.meta.internal.pc.CompilerAccess handleError
GRAVE: file%3A%2F%2F%2FC%3A%2FUsers%2Fjavier.fernandezrodr%2FDesktop%2Fscala%2Freinforcement%2Fsrc%2Fexample.scala:7: error: expected class or object definition val
val action1 = new QLAction(1,2)
^
file%3A%2F%2F%2FC%3A%2FUsers%2Fjavier.fernandezrodr%2FDesktop%2Fscala%2Freinforcement%2Fsrc%2Fexample.scala:7: error: expected class or object definition val
val action1 = new QLAction(1,2)
^
	at scala.meta.internal.parsers.Reporter.syntaxError(Reporter.scala:16)
	at scala.meta.internal.parsers.Reporter.syntaxError$(Reporter.scala:16)
	at scala.meta.internal.parsers.Reporter$$anon$1.syntaxError(Reporter.scala:22)
	at scala.meta.internal.parsers.Reporter.syntaxError(Reporter.scala:17)
	at scala.meta.internal.parsers.Reporter.syntaxError$(Reporter.scala:17)
	at scala.meta.internal.parsers.Reporter$$anon$1.syntaxError(Reporter.scala:22)
	at scala.meta.internal.parsers.ScalametaParser.statSeq(ScalametaParser.scala:5009)
	at scala.meta.internal.parsers.ScalametaParser.topStatSeq(ScalametaParser.scala:5016)
	at scala.meta.internal.parsers.ScalametaParser.$anonfun$batchSource$1(ScalametaParser.scala:5247)
	at scala.meta.internal.parsers.ScalametaParser.atPos(ScalametaParser.scala:853)
	at scala.meta.internal.parsers.ScalametaParser.autoPos(ScalametaParser.scala:887)
	at scala.meta.internal.parsers.ScalametaParser.batchSource(ScalametaParser.scala:5206)
	at scala.meta.internal.parsers.ScalametaParser.$anonfun$source$1(ScalametaParser.scala:5189)
	at scala.meta.internal.parsers.ScalametaParser.atPos(ScalametaParser.scala:853)
	at scala.meta.internal.parsers.ScalametaParser.autoPos(ScalametaParser.scala:887)
	at scala.meta.internal.parsers.ScalametaParser.source(ScalametaParser.scala:5188)
	at scala.meta.internal.parsers.ScalametaParser.entrypointSource(ScalametaParser.scala:5194)
	at scala.meta.internal.parsers.ScalametaParser.$anonfun$parseSource$2(ScalametaParser.scala:143)
	at scala.meta.internal.parsers.ScalametaParser.parseRule(ScalametaParser.scala:53)
	at scala.meta.internal.parsers.ScalametaParser.parseSource(ScalametaParser.scala:143)
	at scala.meta.parsers.Parse$.$anonfun$parseSource$1(Parse.scala:29)
	at scala.meta.internal.parsers.ScalametaParser$$anon$263.apply(ScalametaParser.scala:5258)
	at scala.meta.parsers.Api$XtensionParseDialectInput.parse(Api.scala:25)
	at scala.meta.internal.semanticdb.scalac.ParseOps$XtensionCompilationUnitSource.toSource(ParseOps.scala:17)
	at scala.meta.internal.semanticdb.scalac.TextDocumentOps$XtensionCompilationUnitDocument.toTextDocument(TextDocumentOps.scala:201)
	at scala.meta.internal.pc.SemanticdbTextDocumentProvider.textDocument(SemanticdbTextDocumentProvider.scala:51)

jul 30, 2021 11:14:31 AM scala.meta.internal.pc.CompilerAccess handleError
GRAVE: file%3A%2F%2F%2FC%3A%2FUsers%2Fjavier.fernandezrodr%2FDesktop%2Fscala%2Freinforcement%2Fsrc%2Fexample.scala:7: error: expected class or object definition val
val action1 = new QLAction(1,2)
^
file%3A%2F%2F%2FC%3A%2FUsers%2Fjavier.fernandezrodr%2FDesktop%2Fscala%2Freinforcement%2Fsrc%2Fexample.scala:7: error: expected class or object definition val
val action1 = new QLAction(1,2)
^
	at scala.meta.internal.parsers.Reporter.syntaxError(Reporter.scala:16)
	at scala.meta.internal.parsers.Reporter.syntaxError$(Reporter.scala:16)
	at scala.meta.internal.parsers.Reporter$$anon$1.syntaxError(Reporter.scala:22)
	at scala.meta.internal.parsers.Reporter.syntaxError(Reporter.scala:17)
	at scala.meta.internal.parsers.Reporter.syntaxError$(Reporter.scala:17)
	at scala.meta.internal.parsers.Reporter$$anon$1.syntaxError(Reporter.scala:22)
	at scala.meta.internal.parsers.ScalametaParser.statSeq(ScalametaParser.scala:5009)
	at scala.meta.internal.parsers.ScalametaParser.topStatSeq(ScalametaParser.scala:5016)
	at scala.meta.internal.parsers.ScalametaParser.$anonfun$batchSource$1(ScalametaParser.scala:5247)
	at scala.meta.internal.parsers.ScalametaParser.atPos(ScalametaParser.scala:853)
	at scala.meta.internal.parsers.ScalametaParser.autoPos(ScalametaParser.scala:887)
	at scala.meta.internal.parsers.ScalametaParser.batchSource(ScalametaParser.scala:5206)
	at scala.meta.internal.parsers.ScalametaParser.$anonfun$source$1(ScalametaParser.scala:5189)
	at scala.meta.internal.parsers.ScalametaParser.atPos(ScalametaParser.scala:853)
	at scala.meta.internal.parsers.ScalametaParser.autoPos(ScalametaParser.scala:887)
	at scala.meta.internal.parsers.ScalametaParser.source(ScalametaParser.scala:5188)
	at scala.meta.internal.parsers.ScalametaParser.entrypointSource(ScalametaParser.scala:5194)
	at scala.meta.internal.parsers.ScalametaParser.$anonfun$parseSource$2(ScalametaParser.scala:143)
	at scala.meta.internal.parsers.ScalametaParser.parseRule(ScalametaParser.scala:53)
	at scala.meta.internal.parsers.ScalametaParser.parseSource(ScalametaParser.scala:143)
	at scala.meta.parsers.Parse$.$anonfun$parseSource$1(Parse.scala:29)
	at scala.meta.internal.parsers.ScalametaParser$$anon$263.apply(ScalametaParser.scala:5258)
	at scala.meta.parsers.Api$XtensionParseDialectInput.parse(Api.scala:25)
	at scala.meta.internal.semanticdb.scalac.ParseOps$XtensionCompilationUnitSource.toSource(ParseOps.scala:17)
	at scala.meta.internal.semanticdb.scalac.TextDocumentOps$XtensionCompilationUnitDocument.toTextDocument(TextDocumentOps.scala:201)
	at scala.meta.internal.pc.SemanticdbTextDocumentProvider.textDocument(SemanticdbTextDocumentProvider.scala:51)

[0m2021.07.30 11:14:31 WARN  no build target for: C:\Users\javier.fernandezrodr\Desktop\scala\reinforcement\src\example.scala[0m
jul 30, 2021 11:14:31 AM scala.meta.internal.pc.CompilerAccess handleError
GRAVE: file%3A%2F%2F%2FC%3A%2FUsers%2Fjavier.fernandezrodr%2FDesktop%2Fscala%2Freinforcement%2Fsrc%2Fexample.scala:7: error: expected class or object definition val
val action1 = new QLAction(1,2)
^
file%3A%2F%2F%2FC%3A%2FUsers%2Fjavier.fernandezrodr%2FDesktop%2Fscala%2Freinforcement%2Fsrc%2Fexample.scala:7: error: expected class or object definition val
val action1 = new QLAction(1,2)
^
	at scala.meta.internal.parsers.Reporter.syntaxError(Reporter.scala:16)
	at scala.meta.internal.parsers.Reporter.syntaxError$(Reporter.scala:16)
	at scala.meta.internal.parsers.Reporter$$anon$1.syntaxError(Reporter.scala:22)
	at scala.meta.internal.parsers.Reporter.syntaxError(Reporter.scala:17)
	at scala.meta.internal.parsers.Reporter.syntaxError$(Reporter.scala:17)
	at scala.meta.internal.parsers.Reporter$$anon$1.syntaxError(Reporter.scala:22)
	at scala.meta.internal.parsers.ScalametaParser.statSeq(ScalametaParser.scala:5009)
	at scala.meta.internal.parsers.ScalametaParser.topStatSeq(ScalametaParser.scala:5016)
	at scala.meta.internal.parsers.ScalametaParser.$anonfun$batchSource$1(ScalametaParser.scala:5247)
	at scala.meta.internal.parsers.ScalametaParser.atPos(ScalametaParser.scala:853)
	at scala.meta.internal.parsers.ScalametaParser.autoPos(ScalametaParser.scala:887)
	at scala.meta.internal.parsers.ScalametaParser.batchSource(ScalametaParser.scala:5206)
	at scala.meta.internal.parsers.ScalametaParser.$anonfun$source$1(ScalametaParser.scala:5189)
	at scala.meta.internal.parsers.ScalametaParser.atPos(ScalametaParser.scala:853)
	at scala.meta.internal.parsers.ScalametaParser.autoPos(ScalametaParser.scala:887)
	at scala.meta.internal.parsers.ScalametaParser.source(ScalametaParser.scala:5188)
	at scala.meta.internal.parsers.ScalametaParser.entrypointSource(ScalametaParser.scala:5194)
	at scala.meta.internal.parsers.ScalametaParser.$anonfun$parseSource$2(ScalametaParser.scala:143)
	at scala.meta.internal.parsers.ScalametaParser.parseRule(ScalametaParser.scala:53)
	at scala.meta.internal.parsers.ScalametaParser.parseSource(ScalametaParser.scala:143)
	at scala.meta.parsers.Parse$.$anonfun$parseSource$1(Parse.scala:29)
	at scala.meta.internal.parsers.ScalametaParser$$anon$263.apply(ScalametaParser.scala:5258)
	at scala.meta.parsers.Api$XtensionParseDialectInput.parse(Api.scala:25)
	at scala.meta.internal.semanticdb.scalac.ParseOps$XtensionCompilationUnitSource.toSource(ParseOps.scala:17)
	at scala.meta.internal.semanticdb.scalac.TextDocumentOps$XtensionCompilationUnitDocument.toTextDocument(TextDocumentOps.scala:201)
	at scala.meta.internal.pc.SemanticdbTextDocumentProvider.textDocument(SemanticdbTextDocumentProvider.scala:51)

jul 30, 2021 11:14:33 AM scala.meta.internal.pc.CompilerAccess handleError
GRAVE: file%3A%2F%2F%2FC%3A%2FUsers%2Fjavier.fernandezrodr%2FDesktop%2Fscala%2Freinforcement%2Fsrc%2Fexample.scala:7: error: expected class or object definition val
val action1 = new QLAction(1,2)
^
file%3A%2F%2F%2FC%3A%2FUsers%2Fjavier.fernandezrodr%2FDesktop%2Fscala%2Freinforcement%2Fsrc%2Fexample.scala:7: error: expected class or object definition val
val action1 = new QLAction(1,2)
^
	at scala.meta.internal.parsers.Reporter.syntaxError(Reporter.scala:16)
	at scala.meta.internal.parsers.Reporter.syntaxError$(Reporter.scala:16)
	at scala.meta.internal.parsers.Reporter$$anon$1.syntaxError(Reporter.scala:22)
	at scala.meta.internal.parsers.Reporter.syntaxError(Reporter.scala:17)
	at scala.meta.internal.parsers.Reporter.syntaxError$(Reporter.scala:17)
	at scala.meta.internal.parsers.Reporter$$anon$1.syntaxError(Reporter.scala:22)
	at scala.meta.internal.parsers.ScalametaParser.statSeq(ScalametaParser.scala:5009)
	at scala.meta.internal.parsers.ScalametaParser.topStatSeq(ScalametaParser.scala:5016)
	at scala.meta.internal.parsers.ScalametaParser.$anonfun$batchSource$1(ScalametaParser.scala:5247)
	at scala.meta.internal.parsers.ScalametaParser.atPos(ScalametaParser.scala:853)
	at scala.meta.internal.parsers.ScalametaParser.autoPos(ScalametaParser.scala:887)
	at scala.meta.internal.parsers.ScalametaParser.batchSource(ScalametaParser.scala:5206)
	at scala.meta.internal.parsers.ScalametaParser.$anonfun$source$1(ScalametaParser.scala:5189)
	at scala.meta.internal.parsers.ScalametaParser.atPos(ScalametaParser.scala:853)
	at scala.meta.internal.parsers.ScalametaParser.autoPos(ScalametaParser.scala:887)
	at scala.meta.internal.parsers.ScalametaParser.source(ScalametaParser.scala:5188)
	at scala.meta.internal.parsers.ScalametaParser.entrypointSource(ScalametaParser.scala:5194)
	at scala.meta.internal.parsers.ScalametaParser.$anonfun$parseSource$2(ScalametaParser.scala:143)
	at scala.meta.internal.parsers.ScalametaParser.parseRule(ScalametaParser.scala:53)
	at scala.meta.internal.parsers.ScalametaParser.parseSource(ScalametaParser.scala:143)
	at scala.meta.parsers.Parse$.$anonfun$parseSource$1(Parse.scala:29)
	at scala.meta.internal.parsers.ScalametaParser$$anon$263.apply(ScalametaParser.scala:5258)
	at scala.meta.parsers.Api$XtensionParseDialectInput.parse(Api.scala:25)
	at scala.meta.internal.semanticdb.scalac.ParseOps$XtensionCompilationUnitSource.toSource(ParseOps.scala:17)
	at scala.meta.internal.semanticdb.scalac.TextDocumentOps$XtensionCompilationUnitDocument.toTextDocument(TextDocumentOps.scala:201)
	at scala.meta.internal.pc.SemanticdbTextDocumentProvider.textDocument(SemanticdbTextDocumentProvider.scala:51)

jul 30, 2021 11:14:37 AM scala.meta.internal.pc.CompilerAccess handleError
GRAVE: file%3A%2F%2F%2FC%3A%2FUsers%2Fjavier.fernandezrodr%2FDesktop%2Fscala%2Freinforcement%2Fsrc%2Fexample.scala:7: error: expected class or object definition val
val action1 = new QLAction(1,2)
^
file%3A%2F%2F%2FC%3A%2FUsers%2Fjavier.fernandezrodr%2FDesktop%2Fscala%2Freinforcement%2Fsrc%2Fexample.scala:7: error: expected class or object definition val
val action1 = new QLAction(1,2)
^
	at scala.meta.internal.parsers.Reporter.syntaxError(Reporter.scala:16)
	at scala.meta.internal.parsers.Reporter.syntaxError$(Reporter.scala:16)
	at scala.meta.internal.parsers.Reporter$$anon$1.syntaxError(Reporter.scala:22)
	at scala.meta.internal.parsers.Reporter.syntaxError(Reporter.scala:17)
	at scala.meta.internal.parsers.Reporter.syntaxError$(Reporter.scala:17)
	at scala.meta.internal.parsers.Reporter$$anon$1.syntaxError(Reporter.scala:22)
	at scala.meta.internal.parsers.ScalametaParser.statSeq(ScalametaParser.scala:5009)
	at scala.meta.internal.parsers.ScalametaParser.topStatSeq(ScalametaParser.scala:5016)
	at scala.meta.internal.parsers.ScalametaParser.$anonfun$batchSource$1(ScalametaParser.scala:5247)
	at scala.meta.internal.parsers.ScalametaParser.atPos(ScalametaParser.scala:853)
	at scala.meta.internal.parsers.ScalametaParser.autoPos(ScalametaParser.scala:887)
	at scala.meta.internal.parsers.ScalametaParser.batchSource(ScalametaParser.scala:5206)
	at scala.meta.internal.parsers.ScalametaParser.$anonfun$source$1(ScalametaParser.scala:5189)
	at scala.meta.internal.parsers.ScalametaParser.atPos(ScalametaParser.scala:853)
	at scala.meta.internal.parsers.ScalametaParser.autoPos(ScalametaParser.scala:887)
	at scala.meta.internal.parsers.ScalametaParser.source(ScalametaParser.scala:5188)
	at scala.meta.internal.parsers.ScalametaParser.entrypointSource(ScalametaParser.scala:5194)
	at scala.meta.internal.parsers.ScalametaParser.$anonfun$parseSource$2(ScalametaParser.scala:143)
	at scala.meta.internal.parsers.ScalametaParser.parseRule(ScalametaParser.scala:53)
	at scala.meta.internal.parsers.ScalametaParser.parseSource(ScalametaParser.scala:143)
	at scala.meta.parsers.Parse$.$anonfun$parseSource$1(Parse.scala:29)
	at scala.meta.internal.parsers.ScalametaParser$$anon$263.apply(ScalametaParser.scala:5258)
	at scala.meta.parsers.Api$XtensionParseDialectInput.parse(Api.scala:25)
	at scala.meta.internal.semanticdb.scalac.ParseOps$XtensionCompilationUnitSource.toSource(ParseOps.scala:17)
	at scala.meta.internal.semanticdb.scalac.TextDocumentOps$XtensionCompilationUnitDocument.toTextDocument(TextDocumentOps.scala:201)
	at scala.meta.internal.pc.SemanticdbTextDocumentProvider.textDocument(SemanticdbTextDocumentProvider.scala:51)

[0m2021.07.30 11:23:32 INFO  shutting down Metals[0m
